# JRE version: OpenJDK Runtime Environment Temurin-21.0.6+7 (21.0.6+7) (build 21.0.6+7-LTS)
# Java VM: OpenJDK 64-Bit Server VM Temurin-21.0.6+7 (21.0.6+7-LTS, mixed mode, emulated-client, sharing, tiered, compressed oops, compressed class ptrs, g1 gc, windows-amd64)
GC Precious Log:
 CardTable entry size: 512
 Card Set container configuration: InlinePtr #cards 4 size 8 Array Of Cards #cards 16 size 48 Howl #buckets 8 coarsen threshold 3686 Howl Bitmap #cards 512 size 80 coarsen threshold 460 Card regions per heap region 1 cards per card region 4096
 CPUs: 12 total, 12 available
 Memory: 16016M
 Large Page Support: Disabled
 NUMA Support: Disabled
 Compressed Oops: Enabled (Zero based)
 Heap Region Size: 2M
 Heap Min Capacity: 8M
 Heap Initial Capacity: 252M
 Heap Max Capacity: 4006M
 Pre-touch: Disabled
 Parallel Workers: 10
 Concurrent Workers: 3
 Concurrent Refinement Workers: 10
 Periodic GC: Disabled
Heap:
 garbage-first heap   total 86016K, used 38965K [0x0000000705a00000, 0x0000000800000000)
  region size 2048K, 2 young (4096K), 1 survivors (2048K)
 Metaspace       used 68782K, committed 69504K, reserved 1114112K
  class space    used 9023K, committed 9344K, reserved 1048576K
GC Heap History (20 events):
Event: 6.183 GC heap before
{Heap before GC invocations=22 (full 0):
 garbage-first heap   total 86016K, used 71044K [0x0000000705a00000, 0x0000000800000000)
  region size 2048K, 18 young (36864K), 2 survivors (4096K)
 Metaspace       used 63636K, committed 64320K, reserved 1114112K
  class space    used 8275K, committed 8576K, reserved 1048576K
}
Event: 6.185 GC heap after
{Heap after GC invocations=23 (full 0):
 garbage-first heap   total 86016K, used 40550K [0x0000000705a00000, 0x0000000800000000)
  region size 2048K, 2 young (4096K), 2 survivors (4096K)
 Metaspace       used 63636K, committed 64320K, reserved 1114112K
  class space    used 8275K, committed 8576K, reserved 1048576K
}
Event: 150.538 GC heap before
{Heap before GC invocations=23 (full 0):
 garbage-first heap   total 86016K, used 73318K [0x0000000705a00000, 0x0000000800000000)
  region size 2048K, 18 young (36864K), 2 survivors (4096K)
 Metaspace       used 65346K, committed 66048K, reserved 1114112K
  class space    used 8560K, committed 8832K, reserved 1048576K
}
Event: 150.541 GC heap after
{Heap after GC invocations=24 (full 0):
 garbage-first heap   total 86016K, used 39151K [0x0000000705a00000, 0x0000000800000000)
  region size 2048K, 2 young (4096K), 2 survivors (4096K)
 Metaspace       used 65346K, committed 66048K, reserved 1114112K
  class space    used 8560K, committed 8832K, reserved 1048576K
}
Event: 270.049 GC heap before
{Heap before GC invocations=24 (full 0):
 garbage-first heap   total 86016K, used 71919K [0x0000000705a00000, 0x0000000800000000)
  region size 2048K, 19 young (38912K), 2 survivors (4096K)
 Metaspace       used 67942K, committed 68672K, reserved 1114112K
  class space    used 8900K, committed 9216K, reserved 1048576K
}
Event: 270.057 GC heap after
{Heap after GC invocations=25 (full 0):
 garbage-first heap   total 86016K, used 39763K [0x0000000705a00000, 0x0000000800000000)
  region size 2048K, 2 young (4096K), 2 survivors (4096K)
 Metaspace       used 67942K, committed 68672K, reserved 1114112K
  class space    used 8900K, committed 9216K, reserved 1048576K
}
Event: 608.810 GC heap before
{Heap before GC invocations=25 (full 0):
 garbage-first heap   total 86016K, used 74579K [0x0000000705a00000, 0x0000000800000000)
  region size 2048K, 19 young (38912K), 2 survivors (4096K)
 Metaspace       used 68252K, committed 68992K, reserved 1114112K
  class space    used 8945K, committed 9280K, reserved 1048576K
}
Event: 608.818 GC heap after
{Heap after GC invocations=26 (full 0):
 garbage-first heap   total 86016K, used 40065K [0x0000000705a00000, 0x0000000800000000)
  region size 2048K, 2 young (4096K), 2 survivors (4096K)
 Metaspace       used 68252K, committed 68992K, reserved 1114112K
  class space    used 8945K, committed 9280K, reserved 1048576K
}
Event: 1009.407 GC heap before
{Heap before GC invocations=27 (full 0):
 garbage-first heap   total 86016K, used 72833K [0x0000000705a00000, 0x0000000800000000)
  region size 2048K, 18 young (36864K), 2 survivors (4096K)
 Metaspace       used 67947K, committed 68992K, reserved 1114112K
  class space    used 8868K, committed 9280K, reserved 1048576K
}
Event: 1009.416 GC heap after
{Heap after GC invocations=28 (full 0):
 garbage-first heap   total 86016K, used 40264K [0x0000000705a00000, 0x0000000800000000)
  region size 2048K, 2 young (4096K), 2 survivors (4096K)
 Metaspace       used 67947K, committed 68992K, reserved 1114112K
  class space    used 8868K, committed 9280K, reserved 1048576K
}
Event: 1643.564 GC heap before
{Heap before GC invocations=28 (full 0):
 garbage-first heap   total 86016K, used 73032K [0x0000000705a00000, 0x0000000800000000)
  region size 2048K, 18 young (36864K), 2 survivors (4096K)
 Metaspace       used 67960K, committed 68992K, reserved 1114112K
  class space    used 8871K, committed 9280K, reserved 1048576K
}
Event: 1643.579 GC heap after
{Heap after GC invocations=29 (full 0):
 garbage-first heap   total 86016K, used 36623K [0x0000000705a00000, 0x0000000800000000)
  region size 2048K, 2 young (4096K), 2 survivors (4096K)
 Metaspace       used 67960K, committed 68992K, reserved 1114112K
  class space    used 8871K, committed 9280K, reserved 1048576K
}
Event: 1756.589 GC heap before
{Heap before GC invocations=29 (full 0):
 garbage-first heap   total 86016K, used 46863K [0x0000000705a00000, 0x0000000800000000)
  region size 2048K, 8 young (16384K), 2 survivors (4096K)
 Metaspace       used 68268K, committed 69056K, reserved 1114112K
  class space    used 8936K, committed 9280K, reserved 1048576K
}
Event: 1756.692 GC heap after
{Heap after GC invocations=30 (full 1):
 garbage-first heap   total 86016K, used 29143K [0x0000000705a00000, 0x0000000800000000)
  region size 2048K, 0 young (0K), 0 survivors (0K)
 Metaspace       used 68190K, committed 69056K, reserved 1114112K
  class space    used 8917K, committed 9280K, reserved 1048576K
}
Event: 1760.814 GC heap before
{Heap before GC invocations=30 (full 1):
 garbage-first heap   total 86016K, used 76247K [0x0000000705a00000, 0x0000000800000000)
  region size 2048K, 23 young (47104K), 0 survivors (0K)
 Metaspace       used 68350K, committed 69056K, reserved 1114112K
  class space    used 8952K, committed 9280K, reserved 1048576K
}
Event: 1760.820 GC heap after
{Heap after GC invocations=31 (full 1):
 garbage-first heap   total 86016K, used 33912K [0x0000000705a00000, 0x0000000800000000)
  region size 2048K, 3 young (6144K), 3 survivors (6144K)
 Metaspace       used 68350K, committed 69056K, reserved 1114112K
  class space    used 8952K, committed 9280K, reserved 1048576K
}
Event: 1762.600 GC heap before
{Heap before GC invocations=32 (full 1):
 garbage-first heap   total 86016K, used 68728K [0x0000000705a00000, 0x0000000800000000)
  region size 2048K, 20 young (40960K), 3 survivors (6144K)
 Metaspace       used 68746K, committed 69504K, reserved 1114112K
  class space    used 9019K, committed 9344K, reserved 1048576K
}
Event: 1762.613 GC heap after
{Heap after GC invocations=33 (full 1):
 garbage-first heap   total 86016K, used 38794K [0x0000000705a00000, 0x0000000800000000)
  region size 2048K, 3 young (6144K), 3 survivors (6144K)
 Metaspace       used 68746K, committed 69504K, reserved 1114112K
  class space    used 9019K, committed 9344K, reserved 1048576K
}
Event: 2217.320 GC heap before
{Heap before GC invocations=33 (full 1):
 garbage-first heap   total 86016K, used 67466K [0x0000000705a00000, 0x0000000800000000)
  region size 2048K, 17 young (34816K), 3 survivors (6144K)
 Metaspace       used 68761K, committed 69504K, reserved 1114112K
  class space    used 9022K, committed 9344K, reserved 1048576K
}
Event: 2217.325 GC heap after
{Heap after GC invocations=34 (full 1):
 garbage-first heap   total 86016K, used 38965K [0x0000000705a00000, 0x0000000800000000)
  region size 2048K, 1 young (2048K), 1 survivors (2048K)
 Metaspace       used 68761K, committed 69504K, reserved 1114112K
  class space    used 9022K, committed 9344K, reserved 1048576K
}

