# JRE version: OpenJDK Runtime Environment Temurin-21.0.6+7 (21.0.6+7) (build 21.0.6+7-LTS)
# Java VM: OpenJDK 64-Bit Server VM Temurin-21.0.6+7 (21.0.6+7-LTS, mixed mode, emulated-client, sharing, tiered, compressed oops, compressed class ptrs, g1 gc, windows-amd64)
GC Precious Log:
 CardTable entry size: 512
 Card Set container configuration: InlinePtr #cards 4 size 8 Array Of Cards #cards 16 size 48 Howl #buckets 8 coarsen threshold 3686 Howl Bitmap #cards 512 size 80 coarsen threshold 460 Card regions per heap region 1 cards per card region 4096
 CPUs: 12 total, 12 available
 Memory: 16016M
 Large Page Support: Disabled
 NUMA Support: Disabled
 Compressed Oops: Enabled (Zero based)
 Heap Region Size: 2M
 Heap Min Capacity: 8M
 Heap Initial Capacity: 252M
 Heap Max Capacity: 4006M
 Pre-touch: Disabled
 Parallel Workers: 10
 Concurrent Workers: 3
 Concurrent Refinement Workers: 10
 Periodic GC: Disabled
Heap:
 garbage-first heap   total 110592K, used 52511K [0x0000000705a00000, 0x0000000800000000)
  region size 2048K, 11 young (22528K), 3 survivors (6144K)
 Metaspace       used 66399K, committed 67456K, reserved 1114112K
  class space    used 8673K, committed 9088K, reserved 1048576K
GC Heap History (20 events):
Event: 5.187 GC heap before
{Heap before GC invocations=13 (full 0):
 garbage-first heap   total 63488K, used 50630K [0x0000000705a00000, 0x0000000800000000)
  region size 2048K, 13 young (26624K), 2 survivors (4096K)
 Metaspace       used 35395K, committed 35840K, reserved 1114112K
  class space    used 4636K, committed 4864K, reserved 1048576K
}
Event: 5.190 GC heap after
{Heap after GC invocations=14 (full 0):
 garbage-first heap   total 63488K, used 27971K [0x0000000705a00000, 0x0000000800000000)
  region size 2048K, 2 young (4096K), 2 survivors (4096K)
 Metaspace       used 35395K, committed 35840K, reserved 1114112K
  class space    used 4636K, committed 4864K, reserved 1048576K
}
Event: 5.412 GC heap before
{Heap before GC invocations=14 (full 0):
 garbage-first heap   total 63488K, used 48451K [0x0000000705a00000, 0x0000000800000000)
  region size 2048K, 13 young (26624K), 2 survivors (4096K)
 Metaspace       used 38526K, committed 39040K, reserved 1114112K
  class space    used 5002K, committed 5248K, reserved 1048576K
}
Event: 5.415 GC heap after
{Heap after GC invocations=15 (full 0):
 garbage-first heap   total 63488K, used 29889K [0x0000000705a00000, 0x0000000800000000)
  region size 2048K, 2 young (4096K), 2 survivors (4096K)
 Metaspace       used 38526K, committed 39040K, reserved 1114112K
  class space    used 5002K, committed 5248K, reserved 1048576K
}
Event: 5.656 GC heap before
{Heap before GC invocations=15 (full 0):
 garbage-first heap   total 63488K, used 48321K [0x0000000705a00000, 0x0000000800000000)
  region size 2048K, 12 young (24576K), 2 survivors (4096K)
 Metaspace       used 41003K, committed 41472K, reserved 1114112K
  class space    used 5428K, committed 5632K, reserved 1048576K
}
Event: 5.660 GC heap after
{Heap after GC invocations=16 (full 0):
 garbage-first heap   total 161792K, used 31119K [0x0000000705a00000, 0x0000000800000000)
  region size 2048K, 2 young (4096K), 2 survivors (4096K)
 Metaspace       used 41003K, committed 41472K, reserved 1114112K
  class space    used 5428K, committed 5632K, reserved 1048576K
}
Event: 6.282 GC heap before
{Heap before GC invocations=17 (full 0):
 garbage-first heap   total 110592K, used 90511K [0x0000000705a00000, 0x0000000800000000)
  region size 2048K, 32 young (65536K), 2 survivors (4096K)
 Metaspace       used 46996K, committed 47424K, reserved 1114112K
  class space    used 6270K, committed 6464K, reserved 1048576K
}
Event: 6.288 GC heap after
{Heap after GC invocations=18 (full 0):
 garbage-first heap   total 110592K, used 34028K [0x0000000705a00000, 0x0000000800000000)
  region size 2048K, 3 young (6144K), 3 survivors (6144K)
 Metaspace       used 46996K, committed 47424K, reserved 1114112K
  class space    used 6270K, committed 6464K, reserved 1048576K
}
Event: 6.988 GC heap before
{Heap before GC invocations=18 (full 0):
 garbage-first heap   total 110592K, used 93420K [0x0000000705a00000, 0x0000000800000000)
  region size 2048K, 32 young (65536K), 3 survivors (6144K)
 Metaspace       used 51350K, committed 51904K, reserved 1114112K
  class space    used 6819K, committed 7040K, reserved 1048576K
}
Event: 6.993 GC heap after
{Heap after GC invocations=19 (full 0):
 garbage-first heap   total 110592K, used 36159K [0x0000000705a00000, 0x0000000800000000)
  region size 2048K, 4 young (8192K), 4 survivors (8192K)
 Metaspace       used 51350K, committed 51904K, reserved 1114112K
  class space    used 6819K, committed 7040K, reserved 1048576K
}
Event: 7.734 GC heap before
{Heap before GC invocations=19 (full 0):
 garbage-first heap   total 110592K, used 91455K [0x0000000705a00000, 0x0000000800000000)
  region size 2048K, 31 young (63488K), 4 survivors (8192K)
 Metaspace       used 55611K, committed 56320K, reserved 1114112K
  class space    used 7500K, committed 7808K, reserved 1048576K
}
Event: 7.741 GC heap after
{Heap after GC invocations=20 (full 0):
 garbage-first heap   total 110592K, used 39724K [0x0000000705a00000, 0x0000000800000000)
  region size 2048K, 4 young (8192K), 4 survivors (8192K)
 Metaspace       used 55611K, committed 56320K, reserved 1114112K
  class space    used 7500K, committed 7808K, reserved 1048576K
}
Event: 8.301 GC heap before
{Heap before GC invocations=20 (full 0):
 garbage-first heap   total 110592K, used 90924K [0x0000000705a00000, 0x0000000800000000)
  region size 2048K, 29 young (59392K), 4 survivors (8192K)
 Metaspace       used 60090K, committed 60800K, reserved 1114112K
  class space    used 8022K, committed 8320K, reserved 1048576K
}
Event: 8.306 GC heap after
{Heap after GC invocations=21 (full 0):
 garbage-first heap   total 110592K, used 40412K [0x0000000705a00000, 0x0000000800000000)
  region size 2048K, 3 young (6144K), 3 survivors (6144K)
 Metaspace       used 60090K, committed 60800K, reserved 1114112K
  class space    used 8022K, committed 8320K, reserved 1048576K
}
Event: 8.917 GC heap before
{Heap before GC invocations=21 (full 0):
 garbage-first heap   total 110592K, used 93660K [0x0000000705a00000, 0x0000000800000000)
  region size 2048K, 29 young (59392K), 3 survivors (6144K)
 Metaspace       used 65144K, committed 65728K, reserved 1114112K
  class space    used 8513K, committed 8768K, reserved 1048576K
}
Event: 8.921 GC heap after
{Heap after GC invocations=22 (full 0):
 garbage-first heap   total 110592K, used 40888K [0x0000000705a00000, 0x0000000800000000)
  region size 2048K, 3 young (6144K), 3 survivors (6144K)
 Metaspace       used 65144K, committed 65728K, reserved 1114112K
  class space    used 8513K, committed 8768K, reserved 1048576K
}
Event: 485.979 GC heap before
{Heap before GC invocations=22 (full 0):
 garbage-first heap   total 110592K, used 85944K [0x0000000705a00000, 0x0000000800000000)
  region size 2048K, 26 young (53248K), 3 survivors (6144K)
 Metaspace       used 66414K, committed 67136K, reserved 1114112K
  class space    used 8713K, committed 9024K, reserved 1048576K
}
Event: 486.019 GC heap after
{Heap after GC invocations=23 (full 1):
 garbage-first heap   total 110592K, used 33158K [0x0000000705a00000, 0x0000000800000000)
  region size 2048K, 0 young (0K), 0 survivors (0K)
 Metaspace       used 66412K, committed 67136K, reserved 1114112K
  class space    used 8712K, committed 9024K, reserved 1048576K
}
Event: 486.919 GC heap before
{Heap before GC invocations=23 (full 1):
 garbage-first heap   total 110592K, used 96646K [0x0000000705a00000, 0x0000000800000000)
  region size 2048K, 31 young (63488K), 0 survivors (0K)
 Metaspace       used 66608K, committed 67392K, reserved 1114112K
  class space    used 8735K, committed 9088K, reserved 1048576K
}
Event: 486.922 GC heap after
{Heap after GC invocations=24 (full 1):
 garbage-first heap   total 110592K, used 38175K [0x0000000705a00000, 0x0000000800000000)
  region size 2048K, 3 young (6144K), 3 survivors (6144K)
 Metaspace       used 66608K, committed 67392K, reserved 1114112K
  class space    used 8735K, committed 9088K, reserved 1048576K
}

